{
  "RSpec": {
    "coverage": {
      "/home/keegan-smith/coding/school/CSCE-606/CSCE-606-group6-Project2/app/helpers/application_helper.rb": {
        "lines": [
          1,
          null
        ]
      },
      "/home/keegan-smith/coding/school/CSCE-606/CSCE-606-group6-Project2/app/helpers/home_helper.rb": {
        "lines": [
          1,
          null
        ]
      },
      "/home/keegan-smith/coding/school/CSCE-606/CSCE-606-group6-Project2/app/models/user.rb": {
        "lines": [
          null,
          1,
          null,
          1,
          null,
          null,
          1,
          1,
          1,
          null,
          1,
          1,
          null,
          1,
          null,
          null,
          null,
          null,
          null,
          null,
          null,
          null,
          1,
          0,
          null,
          0,
          null,
          0,
          0,
          null,
          0,
          0,
          0,
          null,
          0,
          0,
          null,
          0,
          0,
          0,
          null,
          null,
          0,
          0,
          null,
          null,
          null,
          1,
          0,
          null,
          null,
          1,
          null,
          1,
          0,
          null,
          null
        ]
      },
      "/home/keegan-smith/coding/school/CSCE-606/CSCE-606-group6-Project2/app/models/application_record.rb": {
        "lines": [
          1,
          1,
          null
        ]
      },
      "/home/keegan-smith/coding/school/CSCE-606/CSCE-606-group6-Project2/app/controllers/application_controller.rb": {
        "lines": [
          0,
          null,
          0,
          0,
          null,
          0,
          0,
          0,
          null,
          0,
          0,
          0,
          0
        ],
        "branches": {}
      },
      "/home/keegan-smith/coding/school/CSCE-606/CSCE-606-group6-Project2/app/controllers/home_controller.rb": {
        "lines": [
          0,
          0,
          0,
          0
        ],
        "branches": {}
      },
      "/home/keegan-smith/coding/school/CSCE-606/CSCE-606-group6-Project2/app/controllers/sessions_controller.rb": {
        "lines": [
          0,
          null,
          0,
          null,
          null,
          0,
          0,
          0,
          null,
          null,
          0,
          0,
          0,
          0,
          0,
          0,
          null,
          0,
          0,
          0,
          0,
          0,
          0,
          0,
          null,
          0,
          0,
          0,
          null,
          0,
          0,
          0,
          0,
          0
        ],
        "branches": {}
      },
      "/home/keegan-smith/coding/school/CSCE-606/CSCE-606-group6-Project2/app/controllers/users_controller.rb": {
        "lines": [
          0,
          0,
          null,
          0,
          0,
          0,
          null,
          0,
          null,
          0,
          0,
          0,
          null,
          0,
          0,
          0,
          0,
          0,
          0,
          0,
          0,
          null,
          0,
          null,
          0,
          0,
          0,
          0,
          0,
          0,
          0,
          null,
          0,
          0,
          0,
          0,
          null,
          0,
          null,
          0,
          0,
          0,
          null,
          null,
          0,
          0,
          0,
          0,
          0,
          0,
          0,
          0
        ],
        "branches": {}
      },
      "/home/keegan-smith/coding/school/CSCE-606/CSCE-606-group6-Project2/app/jobs/application_job.rb": {
        "lines": [
          0,
          null,
          null,
          null,
          null,
          null,
          0
        ],
        "branches": {}
      },
      "/home/keegan-smith/coding/school/CSCE-606/CSCE-606-group6-Project2/app/mailers/application_mailer.rb": {
        "lines": [
          0,
          0,
          0,
          0
        ],
        "branches": {}
      }
    },
    "timestamp": 1760939698
  }
}
